Copyright 1986-2019 Xilinx, Inc. All Rights Reserved.
------------------------------------------------------------------------------------
| Tool Version : Vivado v.2019.1 (lin64) Build 2552052 Fri May 24 14:47:09 MDT 2019
| Date         : Sat Dec  7 19:35:02 2019
| Host         : ulisses-pc running 64-bit Ubuntu 18.04.3 LTS
| Command      : report_control_sets -verbose -file mips_control_sets_placed.rpt
| Design       : mips
| Device       : xc7a100t
------------------------------------------------------------------------------------

Control Set Information

Table of Contents
-----------------
1. Summary
2. Histogram
3. Flip-Flop Distribution
4. Detailed Control Set Information

1. Summary
----------

+----------------------------------------------------------+-------+
|                          Status                          | Count |
+----------------------------------------------------------+-------+
| Total control sets                                       |   280 |
|    Minimum number of control sets                        |   280 |
|    Addition due to synthesis replication                 |     0 |
|    Addition due to physical synthesis replication        |     0 |
| Unused register locations in slices containing registers |   104 |
+----------------------------------------------------------+-------+
* Control sets can be merged at opt_design using control_set_merge or merge_equivalent_drivers
** Run report_qor_suggestions for automated merging and remapping suggestions


2. Histogram
------------

+--------------------+-------+
|       Fanout       | Count |
+--------------------+-------+
| Total control sets |   280 |
| >= 0 to < 4        |    14 |
| >= 4 to < 6        |     0 |
| >= 6 to < 8        |     0 |
| >= 8 to < 10       |   258 |
| >= 10 to < 12      |     0 |
| >= 12 to < 14      |     1 |
| >= 14 to < 16      |     0 |
| >= 16              |     7 |
+--------------------+-------+
* Control sets can be remapped at either synth_design or opt_design


3. Flip-Flop Distribution
-------------------------

+--------------+-----------------------+------------------------+-----------------+--------------+
| Clock Enable | Synchronous Set/Reset | Asynchronous Set/Reset | Total Registers | Total Slices |
+--------------+-----------------------+------------------------+-----------------+--------------+
| No           | No                    | No                     |            1760 |          824 |
| No           | No                    | Yes                    |              19 |            4 |
| No           | Yes                   | No                     |             336 |          136 |
| Yes          | No                    | No                     |              32 |            6 |
| Yes          | No                    | Yes                    |              85 |           23 |
| Yes          | Yes                   | No                     |               0 |            0 |
+--------------+-----------------------+------------------------+-----------------+--------------+


4. Detailed Control Set Information
-----------------------------------

+---------------------------------------+---------------------------------------+------------------+------------------+----------------+
|              Clock Signal             |             Enable Signal             | Set/Reset Signal | Slice Load Count | Bel Load Count |
+---------------------------------------+---------------------------------------+------------------+------------------+----------------+
|  controle/wmem_reg_i_1_n_0            |                                       |                  |                1 |              1 |
|  controle/muxmem_reg_i_2_n_0          |                                       |                  |                1 |              1 |
|  controle/muxpc_reg_i_2_n_0           |                                       |                  |                1 |              1 |
|  controle/muxula_reg[0]_i_1_n_0       |                                       |                  |                1 |              1 |
|  controle/pcenable_reg_i_2_n_0        |                                       |                  |                1 |              1 |
|  controle/pcinc_reg_i_1_n_0           |                                       |                  |                1 |              1 |
|  controle/wreg_reg_i_2_n_0            |                                       |                  |                1 |              1 |
|  controle/wri_reg_i_1_n_0             |                                       |                  |                1 |              1 |
|  controle/wulaout_reg_i_2_n_0         |                                       |                  |                1 |              1 |
|  controle/ulaop_reg[0]_i_1_n_0        |                                       |                  |                1 |              1 |
|  controle/hlt_reg_i_1_n_0             |                                       |                  |                1 |              1 |
|  controle/rx_reg_i_1_n_0              |                                       |                  |                1 |              1 |
|  controle/memreg_reg_i_2_n_0          |                                       |                  |                1 |              1 |
|  data_path/__0/i__n_0                 |                                       |                  |                1 |              3 |
|  data_path/ri_out_reg[1]_29[0]        |                                       |                  |                3 |              8 |
|  data_path/ri_out_reg[1]_28[0]        |                                       |                  |                4 |              8 |
|  data_path/ri_out_reg[3]_82[0]        |                                       |                  |                3 |              8 |
|  data_path/ri_out_reg[1]_24[0]        |                                       |                  |                2 |              8 |
|  data_path/ri_out_reg[1]_23[0]        |                                       |                  |                6 |              8 |
|  data_path/ri_out_reg[1]_21[0]        |                                       |                  |                4 |              8 |
|  data_path/ri_out_reg[1]_20[0]        |                                       |                  |                5 |              8 |
|  data_path/ri_out_reg[3]_85[0]        |                                       |                  |                3 |              8 |
|  data_path/ri_out_reg[3]_84[0]        |                                       |                  |                3 |              8 |
|  data_path/ri_out_reg[3]_83[0]        |                                       |                  |                3 |              8 |
|  data_path/ri_out_reg[3]_73[0]        |                                       |                  |                2 |              8 |
|  data_path/ri_out_reg[1]_3[0]         |                                       |                  |                4 |              8 |
|  data_path/ri_out_reg[1]_30[0]        |                                       |                  |                4 |              8 |
|  data_path/ri_out_reg[2]_5[0]         |                                       |                  |                4 |              8 |
|  data_path/ri_out_reg[2]_6[0]         |                                       |                  |                4 |              8 |
|  data_path/ri_out_reg[2]_7[0]         |                                       |                  |                4 |              8 |
|  data_path/ri_out_reg[3]_50[0]        |                                       |                  |                3 |              8 |
|  data_path/ri_out_reg[3]_74[0]        |                                       |                  |                6 |              8 |
|  data_path/ri_out_reg[3]_52[0]        |                                       |                  |                4 |              8 |
|  data_path/pc_out_reg[5]_0[0]         |                                       |                  |                4 |              8 |
|  data_path/pc_out_reg[5]_10[0]        |                                       | rst_IBUF         |                4 |              8 |
|  data_path/pc_out_reg[5]_11[0]        |                                       | rst_IBUF         |                3 |              8 |
|  data_path/pc_out_reg[5]_13[0]        |                                       | rst_IBUF         |                4 |              8 |
|  data_path/pc_out_reg[5]_14[0]        |                                       | rst_IBUF         |                2 |              8 |
|  data_path/ri_out_reg[1]_15[0]        |                                       |                  |                3 |              8 |
|  data_path/ri_out_reg[1]_34[0]        |                                       |                  |                3 |              8 |
|  data_path/ri_out_reg[1]_33[0]        |                                       |                  |                3 |              8 |
|  data_path/ri_out_reg[1]_32[0]        |                                       |                  |                3 |              8 |
|  data_path/ri_out_reg[1]_2[0]         |                                       |                  |                4 |              8 |
|  data_path/ri_out_reg[1]_19[0]        |                                       |                  |                5 |              8 |
|  data_path/ri_out_reg[1]_18[0]        |                                       |                  |                4 |              8 |
|  data_path/ri_out_reg[1]_17[0]        |                                       |                  |                3 |              8 |
|  data_path/ri_out_reg[1]_16[0]        |                                       |                  |                3 |              8 |
|  data_path/ri_out_reg[2]_8[0]         |                                       |                  |                4 |              8 |
|  data_path/ri_out_reg[1]_14[0]        |                                       |                  |                5 |              8 |
|  data_path/ri_out_reg[1]_13[0]        |                                       |                  |                3 |              8 |
|  data_path/ri_out_reg[1]_11[0]        |                                       |                  |                3 |              8 |
|  data_path/ri_out_reg[1]_10[0]        |                                       |                  |                3 |              8 |
|  data_path/ri_out_reg[1]_1[0]         |                                       |                  |                3 |              8 |
|  data_path/ri_out_reg[1]_0[0]         |                                       |                  |                6 |              8 |
|  data_path/ri_out_reg[0]_9[0]         |                                       |                  |                4 |              8 |
|  data_path/ri_out_reg[5]_3[0]         |                                       | rst_IBUF         |                6 |              8 |
|  data_path/ri_out_reg[3]_65[0]        |                                       |                  |                4 |              8 |
|  data_path/ri_out_reg[3]_72[0]        |                                       |                  |                6 |              8 |
|  data_path/ri_out_reg[3]_71[0]        |                                       |                  |                3 |              8 |
|  data_path/ri_out_reg[3]_70[0]        |                                       |                  |                3 |              8 |
|  data_path/ri_out_reg[3]_7[0]         |                                       |                  |                2 |              8 |
|  data_path/ri_out_reg[3]_69[0]        |                                       |                  |                2 |              8 |
|  data_path/ri_out_reg[3]_68[0]        |                                       |                  |                5 |              8 |
|  data_path/ri_out_reg[3]_67[0]        |                                       |                  |                3 |              8 |
|  data_path/ri_out_reg[3]_66[0]        |                                       |                  |                6 |              8 |
|  data_path/ri_out_reg[0]_2[0]         |                                       |                  |                4 |              8 |
|  data_path/ri_out_reg[3]_64[0]        |                                       |                  |                8 |              8 |
|  data_path/ri_out_reg[3]_63[0]        |                                       |                  |                5 |              8 |
|  data_path/ri_out_reg[3]_62[0]        |                                       |                  |                4 |              8 |
|  data_path/ri_out_reg[3]_61[0]        |                                       |                  |                4 |              8 |
|  data_path/ri_out_reg[3]_60[0]        |                                       |                  |                4 |              8 |
|  data_path/ri_out_reg[3]_6[0]         |                                       |                  |                3 |              8 |
|  data_path/ri_out_reg[3]_59[0]        |                                       |                  |                5 |              8 |
|  data_path/ri_out_reg[3]_55[0]        |                                       |                  |                4 |              8 |
|  data_path/ri_out_reg[3]_51[0]        |                                       |                  |                3 |              8 |
|  data_path/pc_out_reg[5]_12[0]        |                                       | rst_IBUF         |                3 |              8 |
|  data_path/pc_out_reg[5]_1[0]         |                                       |                  |                3 |              8 |
|  data_path/ri_out_reg[0]_21[0]        |                                       |                  |                3 |              8 |
|  data_path/ri_out_reg[0]_20[0]        |                                       |                  |                4 |              8 |
|  data_path/ri_out_reg[3]_77[0]        |                                       |                  |                4 |              8 |
|  data_path/ri_out_reg[3]_87[0]        |                                       |                  |                5 |              8 |
|  data_path/ri_out_reg[3]_86[0]        |                                       |                  |                6 |              8 |
|  data_path/ri_out_reg[5]_2[0]         |                                       |                  |                4 |              8 |
|  data_path/pc_out_reg[5]_15[0]        |                                       | rst_IBUF         |                4 |              8 |
|  data_path/ri_out_reg[3]_12[0]        |                                       |                  |                4 |              8 |
|  data_path/ri_out_reg[1]_41[0]        |                                       |                  |                3 |              8 |
|  data_path/ri_out_reg[1]_4[0]         |                                       |                  |                3 |              8 |
|  data_path/ri_out_reg[1]_39[0]        |                                       |                  |                4 |              8 |
|  data_path/ri_out_reg[1]_38[0]        |                                       |                  |                3 |              8 |
|  data_path/ri_out_reg[1]_35[0]        |                                       |                  |                3 |              8 |
|  data_path/ri_out_reg[1]_27[0]        |                                       |                  |                3 |              8 |
|  data_path/ri_out_reg[3]_18[0]        |                                       |                  |                2 |              8 |
|  clk_IBUF_BUFG                        | controle/FSM_onehot_jose_reg[0]_0[0]  | rst_IBUF         |                2 |              8 |
|  clk_IBUF_BUFG                        | controle/E[0]                         | rst_IBUF         |                2 |              8 |
|  data_path/ri_out_reg[3]_23[0]        |                                       |                  |                3 |              8 |
|  data_path/ri_out_reg[3]_22[0]        |                                       |                  |                4 |              8 |
|  data_path/ri_out_reg[3]_21[0]        |                                       |                  |                2 |              8 |
|  data_path/ri_out_reg[3]_20[0]        |                                       |                  |                3 |              8 |
|  data_path/ri_out_reg[3]_2[0]         |                                       |                  |                3 |              8 |
|  data_path/ri_out_reg[3]_19[0]        |                                       |                  |                4 |              8 |
|  data_path/ri_out_reg[1]_26[0]        |                                       |                  |                5 |              8 |
|  data_path/ri_out_reg[3]_17[0]        |                                       |                  |                3 |              8 |
|  data_path/ri_out_reg[3]_16[0]        |                                       |                  |                3 |              8 |
|  data_path/ri_out_reg[3]_15[0]        |                                       |                  |                3 |              8 |
|  data_path/ri_out_reg[3]_14[0]        |                                       |                  |                3 |              8 |
|  data_path/ri_out_reg[3]_13[0]        |                                       |                  |                3 |              8 |
|  data_path/ri_out_reg[3]_11[0]        |                                       |                  |                4 |              8 |
|  data_path/pc_out_reg[5]_18[0]        |                                       | rst_IBUF         |                2 |              8 |
|  data_path/pc_out_reg[5]_7[0]         |                                       | rst_IBUF         |                2 |              8 |
|  data_path/pc_out_reg[5]_20[0]        |                                       | rst_IBUF         |                3 |              8 |
|  data_path/pc_out_reg[5]_2[0]         |                                       | rst_IBUF         |                2 |              8 |
|  data_path/ri_out_reg[5]_4[0]         |                                       |                  |                3 |              8 |
|  data_path/ri_out_reg[3]_78[0]        |                                       |                  |                3 |              8 |
|  data_path/ri_out_reg[0]_19[0]        |                                       |                  |                5 |              8 |
|  data_path/ri_out_reg[0]_18[0]        |                                       |                  |                3 |              8 |
|  data_path/ri_out_reg[0]_17[0]        |                                       |                  |                5 |              8 |
|  data_path/pc_out_reg[5]_8[0]         |                                       | rst_IBUF         |                4 |              8 |
|  data_path/ri_out_reg[3]_10[0]        |                                       |                  |                3 |              8 |
|  data_path/pc_out_reg[5]_6[0]         |                                       | rst_IBUF         |                5 |              8 |
|  data_path/pc_out_reg[5]_22[0]        |                                       |                  |                6 |              8 |
|  data_path/pc_out_reg[5]_21[0]        |                                       |                  |                4 |              8 |
|  data_path/ri_out_reg[4]_5[0]         |                                       | rst_IBUF         |                4 |              8 |
|  data_path/ri_out_reg[4]_4[0]         |                                       | rst_IBUF         |                2 |              8 |
|  data_path/ri_out_reg[3]_36[0]        |                                       |                  |                4 |              8 |
|  data_path/pc_out_reg[5]_17[0]        |                                       | rst_IBUF         |                2 |              8 |
|  data_path/pc_out_reg[5]_16[0]        |                                       | rst_IBUF         |                5 |              8 |
|  data_path/ri_out_reg[3]_8[0]         |                                       |                  |                5 |              8 |
|  data_path/ri_out_reg[3]_80[0]        |                                       |                  |                4 |              8 |
|  data_path/ri_out_reg[3]_81[0]        |                                       |                  |                3 |              8 |
|  data_path/ri_out_reg[4]_6[0]         |                                       |                  |                3 |              8 |
|  data_path/ri_out_reg[4]_7[0]         |                                       |                  |                3 |              8 |
|  data_path/ri_out_reg[4]_8[0]         |                                       |                  |                5 |              8 |
|  data_path/ri_out_reg[4]_9[0]         |                                       |                  |                3 |              8 |
|  data_path/ri_out_reg[1]_22[0]        |                                       |                  |                6 |              8 |
|  data_path/ri_out_reg[1]_31[0]        |                                       |                  |                3 |              8 |
|  data_path/ri_out_reg[1]_36[0]        |                                       |                  |                3 |              8 |
|  data_path/ri_out_reg[1]_37[0]        |                                       |                  |                4 |              8 |
|  data_path/ri_out_reg[1]_40[0]        |                                       | rst_IBUF         |                3 |              8 |
|  data_path/ri_out_reg[1]_42[0]        |                                       |                  |                5 |              8 |
|  data_path/ri_out_reg[1]_12[0]        |                                       |                  |                4 |              8 |
|  data_path/ri_out_reg[1]_25[0]        |                                       |                  |                4 |              8 |
|  data_path/ri_out_reg[2]_13[0]        |                                       |                  |                3 |              8 |
|  data_path/ri_out_reg[4]_21[0]        |                                       | rst_IBUF         |                2 |              8 |
|  data_path/ri_out_reg[4]_20[0]        |                                       | rst_IBUF         |                2 |              8 |
|  data_path/ri_out_reg[1]_43[0]        |                                       |                  |                4 |              8 |
|  data_path/ri_out_reg[2]_3[0]         |                                       |                  |                4 |              8 |
|  data_path/ri_out_reg[2]_14[0]        |                                       |                  |                4 |              8 |
|  data_path/ri_out_reg[2]_2[0]         |                                       |                  |                4 |              8 |
|  data_path/ri_out_reg[2]_16[0]        |                                       | rst_IBUF         |                5 |              8 |
|  data_path/ri_out_reg[2]_15[0]        |                                       |                  |                5 |              8 |
|  data_path/ri_out_reg[7]_1[0]         |                                       |                  |                4 |              8 |
|  data_path/ri_out_reg[2]_4[0]         |                                       |                  |                3 |              8 |
|  data_path/ri_out_reg[6]_0[0]         |                                       | rst_IBUF         |                2 |              8 |
|  data_path/ri_out_reg[3]_75[0]        |                                       |                  |                3 |              8 |
|  data_path/pc_out_reg[5]_9[0]         |                                       | rst_IBUF         |                5 |              8 |
|  data_path/ri_out_reg[3]_53[0]        |                                       |                  |                3 |              8 |
|  data_path/ri_out_reg[1]_47[0]        |                                       |                  |                4 |              8 |
|  data_path/ri_out_reg[1]_46[0]        |                                       |                  |                4 |              8 |
|  data_path/ri_out_reg[1]_45[0]        |                                       |                  |                5 |              8 |
|  data_path/ri_out_reg[7]_2[0]         |                                       |                  |                3 |              8 |
|  data_path/rst[0]                     |                                       |                  |                4 |              8 |
|  data_path/rst_0[0]                   |                                       |                  |                4 |              8 |
|  data_path/ri_out_reg[2]_10[0]        |                                       |                  |                5 |              8 |
|  data_path/ri_out_reg[4]_1[0]         |                                       |                  |                3 |              8 |
|  data_path/ri_out_reg[3]_94[0]        |                                       |                  |                4 |              8 |
|  data_path/ri_out_reg[3]_79[0]        |                                       |                  |                2 |              8 |
|  data_path/ri_out_reg[3]_57[0]        |                                       |                  |                3 |              8 |
|  data_path/ri_out_reg[3]_0[0]         |                                       |                  |                2 |              8 |
|  data_path/ri_out_reg[3]_1[0]         |                                       |                  |                5 |              8 |
|  data_path/ri_out_reg[3]_58[0]        |                                       |                  |                4 |              8 |
|  data_path/ri_out_reg[4]_23[0]        |                                       |                  |                6 |              8 |
|  data_path/ri_out_reg[4]_3[0]         |                                       | rst_IBUF         |                5 |              8 |
|  data_path/ri_out_reg[4]_2[0]         |                                       | rst_IBUF         |                3 |              8 |
|  data_path/pc_out_reg[7]_2[0]         |                                       |                  |                3 |              8 |
|  data_path/ri_out_reg[3]_48[0]        |                                       |                  |                2 |              8 |
|  data_path/ri_out_reg[3]_30[0]        |                                       | rst_IBUF         |                2 |              8 |
|  data_path/ri_out_reg[3]_29[0]        |                                       | rst_IBUF         |                4 |              8 |
|  data_path/ri_out_reg[3]_28[0]        |                                       |                  |                3 |              8 |
|  data_path/ri_out_reg[3]_27[0]        |                                       |                  |                3 |              8 |
|  data_path/ri_out_reg[3]_26[0]        |                                       |                  |                3 |              8 |
|  data_path/ri_out_reg[6]_1[0]         |                                       |                  |                4 |              8 |
|  data_path/ri_out_reg[3]_24[0]        |                                       |                  |                3 |              8 |
|  data_path/ri_out_reg[6]_2[0]         |                                       |                  |                3 |              8 |
|  data_path/ri_out_reg[3]_31[0]        |                                       | rst_IBUF         |                2 |              8 |
|  data_path/ri_out_reg[3]_47[0]        |                                       |                  |                4 |              8 |
|  data_path/ri_out_reg[3]_46[0]        |                                       |                  |                3 |              8 |
|  data_path/ri_out_reg[3]_45[0]        |                                       |                  |                2 |              8 |
|  data_path/ri_out_reg[3]_44[0]        |                                       |                  |                3 |              8 |
|  data_path/ri_out_reg[3]_43[0]        |                                       |                  |                4 |              8 |
|  data_path/ri_out_reg[3]_42[0]        |                                       |                  |                5 |              8 |
|  data_path/ri_out_reg[3]_25[0]        |                                       |                  |                3 |              8 |
|  data_path/ri_out_reg[5]_0[0]         |                                       | rst_IBUF         |                3 |              8 |
|  data_path/ri_out_reg[3]_32[0]        |                                       | rst_IBUF         |                5 |              8 |
|  data_path/ri_out_reg[3]_33[0]        |                                       |                  |                5 |              8 |
|  data_path/ri_out_reg[3]_34[0]        |                                       |                  |                3 |              8 |
|  data_path/ri_out_reg[3]_35[0]        |                                       |                  |                3 |              8 |
|  data_path/ri_out_reg[3]_37[0]        |                                       |                  |                4 |              8 |
|  data_path/ri_out_reg[3]_38[0]        |                                       |                  |                3 |              8 |
|  data_path/ri_out_reg[3]_39[0]        |                                       |                  |                4 |              8 |
|  data_path/ri_out_reg[3]_4[0]         |                                       |                  |                4 |              8 |
|  data_path/ri_out_reg[3]_40[0]        |                                       |                  |                3 |              8 |
|  data_path/ri_out_reg[3]_41[0]        |                                       |                  |                3 |              8 |
|  data_path/ri_out_reg[3]_49[0]        |                                       |                  |                3 |              8 |
|  data_path/ri_out_reg[3]_5[0]         |                                       |                  |                2 |              8 |
|  data_path/ri_out_reg[4]_18[0]        |                                       |                  |                4 |              8 |
|  data_path/E[0]                       |                                       |                  |                2 |              8 |
|  data_path/ri_out_reg[1]_44[0]        |                                       |                  |                4 |              8 |
|  data_path/ri_out_reg[1]_54[0]        |                                       | rst_IBUF         |                5 |              8 |
|  data_path/ri_out_reg[4]_19[0]        |                                       |                  |                3 |              8 |
|  data_path/ri_out_reg[4]_11[0]        |                                       |                  |                4 |              8 |
|  data_path/ri_out_reg[2]_1[0]         |                                       | rst_IBUF         |                3 |              8 |
|  data_path/ri_out_reg[2]_0[0]         |                                       |                  |                3 |              8 |
|  data_path/ri_out_reg[1]_9[0]         |                                       |                  |                4 |              8 |
|  data_path/ri_out_reg[1]_8[0]         |                                       |                  |                3 |              8 |
|  data_path/ri_out_reg[1]_7[0]         |                                       |                  |                3 |              8 |
|  data_path/ri_out_reg[1]_6[0]         |                                       |                  |                3 |              8 |
|  data_path/ri_out_reg[2]_12[0]        |                                       |                  |                5 |              8 |
|  data_path/ri_out_reg[1]_53[0]        |                                       |                  |                3 |              8 |
|  data_path/ri_out_reg[1]_52[0]        |                                       |                  |                3 |              8 |
|  data_path/ri_out_reg[1]_51[0]        |                                       |                  |                5 |              8 |
|  data_path/ri_out_reg[1]_50[0]        |                                       |                  |                4 |              8 |
|  data_path/ri_out_reg[1]_5[0]         |                                       |                  |                4 |              8 |
|  data_path/ri_out_reg[1]_49[0]        |                                       |                  |                4 |              8 |
|  data_path/ri_out_reg[1]_48[0]        |                                       |                  |                4 |              8 |
|  data_path/ri_out_reg[0]_8[0]         |                                       |                  |                3 |              8 |
|  data_path/ri_out_reg[3]_89[0]        |                                       |                  |                4 |              8 |
|  data_path/ri_out_reg[3]_9[0]         |                                       |                  |                3 |              8 |
|  data_path/ri_out_reg[3]_90[0]        |                                       |                  |                4 |              8 |
|  data_path/ri_out_reg[3]_91[0]        |                                       |                  |                5 |              8 |
|  data_path/ri_out_reg[3]_92[0]        |                                       |                  |                2 |              8 |
|  data_path/ri_out_reg[3]_93[0]        |                                       |                  |                3 |              8 |
|  data_path/ri_out_reg[4]_12[0]        |                                       |                  |                5 |              8 |
|  data_path/ri_out_reg[4]_13[0]        |                                       |                  |                2 |              8 |
|  data_path/ri_out_reg[4]_14[0]        |                                       |                  |                3 |              8 |
|  data_path/ri_out_reg[4]_15[0]        |                                       |                  |                3 |              8 |
|  data_path/ri_out_reg[4]_16[0]        |                                       |                  |                3 |              8 |
|  data_path/ri_out_reg[4]_17[0]        |                                       |                  |                3 |              8 |
|  data_path/ri_out_reg[4]_0[0]         |                                       |                  |                3 |              8 |
|  data_path/ri_out_reg[3]_88[0]        |                                       |                  |                5 |              8 |
|  data_path/ri_out_reg[5]_1[0]         |                                       |                  |                4 |              8 |
|  data_path/pc_out_reg[5]_26[0]        |                                       |                  |                4 |              8 |
|  data_path/ri_out_reg[3]_56[0]        |                                       |                  |                3 |              8 |
|  data_path/ri_out_reg[4]_22[0]        |                                       |                  |                4 |              8 |
|  data_path/FSM_onehot_jose_reg[6][0]  |                                       |                  |                3 |              8 |
|  data_path/ri_out_reg[2]_9[0]         |                                       |                  |                5 |              8 |
|  data_path/ri_out_reg[0]_16[0]        |                                       |                  |                5 |              8 |
|  data_path/ri_out_reg[5]_5[0]         |                                       |                  |                3 |              8 |
|  data_path/ri_out_reg[2]_11[0]        |                                       |                  |                5 |              8 |
|  data_path/ri_out_reg[0]_10[0]        |                                       |                  |                3 |              8 |
|  data_path/ri_out_reg[3]_76[0]        |                                       |                  |                3 |              8 |
|  data_path/pc_out_reg[5]_5[0]         |                                       | rst_IBUF         |                5 |              8 |
|  data_path/pc_out_reg[7]_3[0]         |                                       | rst_IBUF         |                2 |              8 |
|  data_path/ri_out_reg[0]_3[0]         |                                       |                  |                3 |              8 |
|  data_path/ri_out_reg[0]_22[0]        |                                       |                  |                4 |              8 |
|  data_path/pc_out_reg[5]_19[0]        |                                       | rst_IBUF         |                3 |              8 |
|  data_path/ri_out_reg[4]_10[0]        |                                       |                  |                3 |              8 |
|  data_path/pc_out_reg[7]_1[0]         |                                       |                  |                5 |              8 |
|  data_path/pc_out_reg[5]_23[0]        |                                       |                  |                5 |              8 |
|  data_path/pc_out_reg[5]_24[0]        |                                       |                  |                3 |              8 |
|  data_path/ri_out_reg[0]_15[0]        |                                       |                  |                4 |              8 |
|  data_path/ri_out_reg[0]_14[0]        |                                       |                  |                4 |              8 |
|  data_path/ri_out_reg[0]_13[0]        |                                       |                  |                3 |              8 |
|  data_path/ri_out_reg[0]_12[0]        |                                       |                  |                5 |              8 |
|  data_path/ri_out_reg[0]_11[0]        |                                       |                  |                4 |              8 |
|  data_path/ri_out_reg[0]_1[0]         |                                       |                  |                3 |              8 |
|  data_path/pc_out_reg[5]_4[0]         |                                       | rst_IBUF         |                2 |              8 |
|  data_path/pc_out_reg[5]_3[0]         |                                       | rst_IBUF         |                3 |              8 |
|  data_path/pc_out_reg[5]_29[0]        |                                       | rst_IBUF         |                2 |              8 |
|  data_path/pc_out_reg[5]_28[0]        |                                       | rst_IBUF         |                4 |              8 |
|  data_path/pc_out_reg[5]_27[0]        |                                       | rst_IBUF         |                3 |              8 |
|  data_path/pc_out_reg[5]_25[0]        |                                       |                  |                3 |              8 |
|  data_path/ri_out_reg[3]_54[0]        |                                       |                  |                4 |              8 |
|  clk_IBUF_BUFG                        | controle/FSM_onehot_jose_reg[0]_1[0]  | rst_IBUF         |                6 |             13 |
|  clk_IBUF_BUFG                        | data_path/R[1][15]_i_1_n_0            |                  |                3 |             16 |
|  clk_IBUF_BUFG                        | data_path/R[0][15]_i_1_n_0            |                  |                3 |             16 |
|  controle/FSM_onehot_jose_reg[6]_0[0] |                                       |                  |               16 |             16 |
|  clk_IBUF_BUFG                        | controle/FSM_onehot_jose_reg[16]_0[0] | rst_IBUF         |                4 |             16 |
| ~muxula_BUFG[0]                       |                                       | muxula_BUFG[0]   |                4 |             16 |
|  clk_IBUF_BUFG                        |                                       | rst_IBUF         |                4 |             19 |
|  clk_IBUF_BUFG                        | controle/rx                           | rst_IBUF         |                9 |             40 |
+---------------------------------------+---------------------------------------+------------------+------------------+----------------+


