Copyright 1986-2019 Xilinx, Inc. All Rights Reserved.
-----------------------------------------------------------------------------------------------------------------------------------------------------------------------------------
| Tool Version : Vivado v.2019.1 (lin64) Build 2552052 Fri May 24 14:47:09 MDT 2019
| Date         : Sat Dec  7 19:35:50 2019
| Host         : ulisses-pc running 64-bit Ubuntu 18.04.3 LTS
| Command      : report_timing_summary -max_paths 10 -file mips_timing_summary_routed.rpt -pb mips_timing_summary_routed.pb -rpx mips_timing_summary_routed.rpx -warn_on_violation
| Design       : mips
| Device       : 7a100t-csg324
| Speed File   : -1  PRODUCTION 1.23 2018-06-13
-----------------------------------------------------------------------------------------------------------------------------------------------------------------------------------

Timing Summary Report

------------------------------------------------------------------------------------------------
| Timer Settings
| --------------
------------------------------------------------------------------------------------------------

  Enable Multi Corner Analysis               :  Yes
  Enable Pessimism Removal                   :  Yes
  Pessimism Removal Resolution               :  Nearest Common Node
  Enable Input Delay Default Clock           :  No
  Enable Preset / Clear Arcs                 :  No
  Disable Flight Delays                      :  No
  Ignore I/O Paths                           :  No
  Timing Early Launch at Borrowing Latches   :  No
  Borrow Time for Max Delay Exceptions       :  Yes

  Corner  Analyze    Analyze    
  Name    Max Paths  Min Paths  
  ------  ---------  ---------  
  Slow    Yes        Yes        
  Fast    Yes        Yes        



check_timing report

Table of Contents
-----------------
1. checking no_clock
2. checking constant_clock
3. checking pulse_width_clock
4. checking unconstrained_internal_endpoints
5. checking no_input_delay
6. checking no_output_delay
7. checking multiple_clock
8. checking generated_clocks
9. checking loops
10. checking partial_input_delay
11. checking partial_output_delay
12. checking latch_loops

1. checking no_clock
--------------------
 There are 136 register/latch pins with no clock driven by root clock pin: clk (HIGH)

 There are 1744 register/latch pins with no clock driven by root clock pin: rst (HIGH)

 There are 13 register/latch pins with no clock driven by root clock pin: controle/FSM_onehot_jose_reg[0]/Q (HIGH)

 There are 3 register/latch pins with no clock driven by root clock pin: controle/FSM_onehot_jose_reg[10]/Q (HIGH)

 There is 1 register/latch pin with no clock driven by root clock pin: controle/FSM_onehot_jose_reg[11]/Q (HIGH)

 There are 3 register/latch pins with no clock driven by root clock pin: controle/FSM_onehot_jose_reg[12]/Q (HIGH)

 There are 3 register/latch pins with no clock driven by root clock pin: controle/FSM_onehot_jose_reg[13]/Q (HIGH)

 There are 2 register/latch pins with no clock driven by root clock pin: controle/FSM_onehot_jose_reg[14]/Q (HIGH)

 There are 4 register/latch pins with no clock driven by root clock pin: controle/FSM_onehot_jose_reg[15]/Q (HIGH)

 There are 2 register/latch pins with no clock driven by root clock pin: controle/FSM_onehot_jose_reg[16]/Q (HIGH)

 There are 3 register/latch pins with no clock driven by root clock pin: controle/FSM_onehot_jose_reg[17]/Q (HIGH)

 There is 1 register/latch pin with no clock driven by root clock pin: controle/FSM_onehot_jose_reg[18]/Q (HIGH)

 There are 3 register/latch pins with no clock driven by root clock pin: controle/FSM_onehot_jose_reg[1]/Q (HIGH)

 There are 4 register/latch pins with no clock driven by root clock pin: controle/FSM_onehot_jose_reg[2]/Q (HIGH)

 There are 2 register/latch pins with no clock driven by root clock pin: controle/FSM_onehot_jose_reg[3]/Q (HIGH)

 There is 1 register/latch pin with no clock driven by root clock pin: controle/FSM_onehot_jose_reg[4]/Q (HIGH)

 There is 1 register/latch pin with no clock driven by root clock pin: controle/FSM_onehot_jose_reg[5]/Q (HIGH)

 There are 2 register/latch pins with no clock driven by root clock pin: controle/FSM_onehot_jose_reg[6]/Q (HIGH)

 There are 3 register/latch pins with no clock driven by root clock pin: controle/FSM_onehot_jose_reg[7]/Q (HIGH)

 There is 1 register/latch pin with no clock driven by root clock pin: controle/FSM_onehot_jose_reg[8]/Q (HIGH)

 There are 3 register/latch pins with no clock driven by root clock pin: controle/FSM_onehot_jose_reg[9]/Q (HIGH)

 There are 2048 register/latch pins with no clock driven by root clock pin: controle/muxmem_reg/Q (HIGH)

 There are 16 register/latch pins with no clock driven by root clock pin: controle/muxula_reg[0]/Q (HIGH)

 There are 2064 register/latch pins with no clock driven by root clock pin: controle/wmem_reg/Q (HIGH)

 There are 1024 register/latch pins with no clock driven by root clock pin: data_path/pc_out_reg[0]/Q (HIGH)

 There are 2048 register/latch pins with no clock driven by root clock pin: data_path/pc_out_reg[1]/Q (HIGH)

 There are 2048 register/latch pins with no clock driven by root clock pin: data_path/pc_out_reg[2]/Q (HIGH)

 There are 2048 register/latch pins with no clock driven by root clock pin: data_path/pc_out_reg[3]/Q (HIGH)

 There are 2048 register/latch pins with no clock driven by root clock pin: data_path/pc_out_reg[4]/Q (HIGH)

 There are 2048 register/latch pins with no clock driven by root clock pin: data_path/pc_out_reg[5]/Q (HIGH)

 There are 2048 register/latch pins with no clock driven by root clock pin: data_path/pc_out_reg[6]/Q (HIGH)

 There are 2048 register/latch pins with no clock driven by root clock pin: data_path/pc_out_reg[7]/Q (HIGH)

 There are 1024 register/latch pins with no clock driven by root clock pin: data_path/ri_out_reg[0]/Q (HIGH)

 There are 3 register/latch pins with no clock driven by root clock pin: data_path/ri_out_reg[12]/Q (HIGH)

 There are 3 register/latch pins with no clock driven by root clock pin: data_path/ri_out_reg[13]/Q (HIGH)

 There are 3 register/latch pins with no clock driven by root clock pin: data_path/ri_out_reg[14]/Q (HIGH)

 There are 3 register/latch pins with no clock driven by root clock pin: data_path/ri_out_reg[15]/Q (HIGH)

 There are 2048 register/latch pins with no clock driven by root clock pin: data_path/ri_out_reg[1]/Q (HIGH)

 There are 2048 register/latch pins with no clock driven by root clock pin: data_path/ri_out_reg[2]/Q (HIGH)

 There are 2048 register/latch pins with no clock driven by root clock pin: data_path/ri_out_reg[3]/Q (HIGH)

 There are 2048 register/latch pins with no clock driven by root clock pin: data_path/ri_out_reg[4]/Q (HIGH)

 There are 2048 register/latch pins with no clock driven by root clock pin: data_path/ri_out_reg[5]/Q (HIGH)

 There are 2048 register/latch pins with no clock driven by root clock pin: data_path/ri_out_reg[6]/Q (HIGH)

 There are 2048 register/latch pins with no clock driven by root clock pin: data_path/ri_out_reg[7]/Q (HIGH)


2. checking constant_clock
--------------------------
 There are 0 register/latch pins with constant_clock.


3. checking pulse_width_clock
-----------------------------
 There are 0 register/latch pins which need pulse_width check


4. checking unconstrained_internal_endpoints
--------------------------------------------
 There are 2789 pins that are not constrained for maximum delay. (HIGH)

 There are 0 pins that are not constrained for maximum delay due to constant clock.


5. checking no_input_delay
--------------------------
 There is 1 input port with no input delay specified. (HIGH)

 There are 0 input ports with no input delay but user has a false path constraint.


6. checking no_output_delay
---------------------------
 There is 1 port with no output delay specified. (HIGH)

 There are 0 ports with no output delay but user has a false path constraint

 There are 0 ports with no output delay but with a timing clock defined on it or propagating through it


7. checking multiple_clock
--------------------------
 There are 0 register/latch pins with multiple clocks.


8. checking generated_clocks
----------------------------
 There are 0 generated clocks that are not connected to a clock source.


9. checking loops
-----------------
 There are 0 combinational loops in the design.


10. checking partial_input_delay
--------------------------------
 There are 0 input ports with partial input delay specified.


11. checking partial_output_delay
---------------------------------
 There are 0 ports with partial output delay specified.


12. checking latch_loops
------------------------
 There are 0 combinational latch loops in the design through latch input



------------------------------------------------------------------------------------------------
| Design Timing Summary
| ---------------------
------------------------------------------------------------------------------------------------

    WNS(ns)      TNS(ns)  TNS Failing Endpoints  TNS Total Endpoints      WHS(ns)      THS(ns)  THS Failing Endpoints  THS Total Endpoints     WPWS(ns)     TPWS(ns)  TPWS Failing Endpoints  TPWS Total Endpoints  
    -------      -------  ---------------------  -------------------      -------      -------  ---------------------  -------------------     --------     --------  ----------------------  --------------------  
         NA           NA                     NA                   NA           NA           NA                     NA                   NA           NA           NA                      NA                    NA  


There are no user specified timing constraints.


------------------------------------------------------------------------------------------------
| Clock Summary
| -------------
------------------------------------------------------------------------------------------------


------------------------------------------------------------------------------------------------
| Intra Clock Table
| -----------------
------------------------------------------------------------------------------------------------

Clock             WNS(ns)      TNS(ns)  TNS Failing Endpoints  TNS Total Endpoints      WHS(ns)      THS(ns)  THS Failing Endpoints  THS Total Endpoints     WPWS(ns)     TPWS(ns)  TPWS Failing Endpoints  TPWS Total Endpoints  
-----             -------      -------  ---------------------  -------------------      -------      -------  ---------------------  -------------------     --------     --------  ----------------------  --------------------  


------------------------------------------------------------------------------------------------
| Inter Clock Table
| -----------------
------------------------------------------------------------------------------------------------

From Clock    To Clock          WNS(ns)      TNS(ns)  TNS Failing Endpoints  TNS Total Endpoints      WHS(ns)      THS(ns)  THS Failing Endpoints  THS Total Endpoints  
----------    --------          -------      -------  ---------------------  -------------------      -------      -------  ---------------------  -------------------  


------------------------------------------------------------------------------------------------
| Other Path Groups Table
| -----------------------
------------------------------------------------------------------------------------------------

Path Group    From Clock    To Clock          WNS(ns)      TNS(ns)  TNS Failing Endpoints  TNS Total Endpoints      WHS(ns)      THS(ns)  THS Failing Endpoints  THS Total Endpoints  
----------    ----------    --------          -------      -------  ---------------------  -------------------      -------      -------  ---------------------  -------------------  


------------------------------------------------------------------------------------------------
| Timing Details
| --------------
------------------------------------------------------------------------------------------------


